<?xml version="1.0" encoding="UTF-8"?>
<!-- Generated by org.testng.reporters.JUnitXMLReporter -->
<testsuite ignored="0" hostname="DESKTOP-635BP1H" failures="0" tests="2" name="Error Validation Test" time="8.959" errors="0" timestamp="2024-09-17T18:16:14 IST">
  <testcase classname="rahulshettyacademy.tests.ErrorValidationsTest" name="LoginErrorValidation" time="0.541"/>
  <testcase classname="rahulshettyacademy.tests.ErrorValidationsTest" name="productErrorValidation" time="2.259"/>
</testsuite> <!-- Error Validation Test -->
